<?xml version="1.0" encoding="UTF-8"?>
<testsuite name="TestSuite" time="49.053" tests="4" errors="0" skipped="0" failures="1">
  <properties>
[...]
</properties>
  <testcase name="addRoleSuccess" classname="com.wymall.test.testcases.system.role.RolePage_001_addRoleSuccess_Test" time="12.383"/>
  <testcase name="settingRole" classname="com.wymall.test.testcases.system.role.RolePage_002_settingRole_Test" time="12.176"/>
  <testcase name="editRole" classname="com.wymall.test.testcases.system.role.RolePage_003_editRole_Test" time="11.409"/>
  <testcase name="delRoleSuccess" classname="com.wymall.test.testcases.system.role.RolePage_004_delRoleSuccess_Test" time="13.085">
    <failure message="期望的文字是 [操1作成功] 但是找到了 [操作成功]" type="java.lang.AssertionError">java.lang.AssertionError: 期望的文字是 [操1作成功] 但是找到了 [操作成功]
	at org.testng.Assert.fail(Assert.java:96)
	at com.wymall.test.utils.SeleniumUtil.isTextCorrect(SeleniumUtil.java:336)
	at com.wymall.test.utils.actions.impl.CheckTipsText.doAction(CheckTipsText.java:23)
	at com.wymall.test.utils.SuperAction.parseExcel(SuperAction.java:277)
	at com.wymall.test.testcases.system.role.RolePage_004_delRoleSuccess_Test.delRoleSuccess(RolePage_004_delRoleSuccess_Test.java:8)
</failure>
    <system-out><![CDATA[[2018-08-28 11:35:20] [INFO] delRoleSuccess 测试用例开始执行！
[2018-08-28 11:35:20] [INFO] 正在解析excel:[system/Role.xlsx]中的sheet(用例)：[004_delRoleSuccess]的第1行步骤...
{CASE_NAME=004_delRoleSuccess, LOCATOR_TYPE=null, FUNCTION_NAME=system/Role, SELENIUM_UTIL=com.wymall.test.utils.SeleniumUtil@25e2b038, LOCATOR_VALUE=null, TEST_DATA=, LOCATOR_ELE=}
[2018-08-28 11:35:20] [INFO] 开始查找元素[By.xpath: //i[@class='ion-grid']]
[2018-08-28 11:35:20] [INFO] 找到了元素 [By.xpath: //i[@class='ion-grid']]
[2018-08-28 11:35:20] [INFO] 点击元素 [By.xpath: //i[@class='ion-grid']]
[2018-08-28 11:35:21] [INFO] 页面加载完成
[2018-08-28 11:35:21] [INFO] 开始查找元素[By.xpath: //div[@class='tab-list-wrapper scale-box']//li[contains(text(),'关闭所有标签页')]]
[2018-08-28 11:35:21] [INFO] 找到了元素 [By.xpath: //div[@class='tab-list-wrapper scale-box']//li[contains(text(),'关闭所有标签页')]]
[2018-08-28 11:35:21] [INFO] 点击元素 [By.xpath: //div[@class='tab-list-wrapper scale-box']//li[contains(text(),'关闭所有标签页')]]
[2018-08-28 11:35:22] [INFO] 页面加载完成
[2018-08-28 11:35:22] [INFO] 正在解析excel:[system/Role.xlsx]中的sheet(用例)：[004_delRoleSuccess]的第2行步骤...
{CASE_NAME=004_delRoleSuccess, LOCATOR_TYPE=xpath, FUNCTION_NAME=system/Role, SELENIUM_UTIL=com.wymall.test.utils.SeleniumUtil@25e2b038, LOCATOR_VALUE=//div[@id='menu_box']//a[contains(text(), "系统管理")], TEST_DATA=, LOCATOR_ELE=RolePage.系统管理}
[2018-08-28 11:35:22] [INFO] 开始查找元素[By.xpath: //div[@id='menu_box']//a[contains(text(), "系统管理")]]
[2018-08-28 11:35:22] [INFO] 找到了元素 [By.xpath: //div[@id='menu_box']//a[contains(text(), "系统管理")]]
[2018-08-28 11:35:22] [INFO] 点击元素 [By.xpath: //div[@id='menu_box']//a[contains(text(), "系统管理")]]
[2018-08-28 11:35:23] [INFO] 页面加载完成
[2018-08-28 11:35:23] [INFO] 正在解析excel:[system/Role.xlsx]中的sheet(用例)：[004_delRoleSuccess]的第3行步骤...
{CASE_NAME=004_delRoleSuccess, LOCATOR_TYPE=xpath, FUNCTION_NAME=system/Role, SELENIUM_UTIL=com.wymall.test.utils.SeleniumUtil@25e2b038, LOCATOR_VALUE=//li/a[@id='2200'], TEST_DATA=, LOCATOR_ELE=RolePage.角色管理}
[2018-08-28 11:35:23] [INFO] 开始查找元素[By.xpath: //li/a[@id='2200']]
[2018-08-28 11:35:23] [INFO] 找到了元素 [By.xpath: //li/a[@id='2200']]
[2018-08-28 11:35:23] [INFO] 点击元素 [By.xpath: //li/a[@id='2200']]
[2018-08-28 11:35:24] [INFO] 页面加载完成
[2018-08-28 11:35:24] [INFO] 正在解析excel:[system/Role.xlsx]中的sheet(用例)：[004_delRoleSuccess]的第4行步骤...
{CASE_NAME=004_delRoleSuccess, LOCATOR_TYPE=xpath, FUNCTION_NAME=system/Role, SELENIUM_UTIL=com.wymall.test.utils.SeleniumUtil@25e2b038, LOCATOR_VALUE=//li/a[@id='2200'], TEST_DATA=1角色管理界面, LOCATOR_ELE=}
[2018-08-28 11:35:24] [INFO] 正在解析excel:[system/Role.xlsx]中的sheet(用例)：[004_delRoleSuccess]的第5行步骤...
{CASE_NAME=004_delRoleSuccess, LOCATOR_TYPE=xpath, FUNCTION_NAME=system/Role, SELENIUM_UTIL=com.wymall.test.utils.SeleniumUtil@25e2b038, LOCATOR_VALUE=//input[@placeholder='角色名称'], TEST_DATA=UI测试角色修改后, LOCATOR_ELE=RolePage.搜索框}
[2018-08-28 11:35:24] [INFO] 开始查找元素[By.xpath: //input[@placeholder='角色名称']]
[2018-08-28 11:35:24] [INFO] 找到了元素 [By.xpath: //input[@placeholder='角色名称']]
[2018-08-28 11:35:26] [INFO] 输入：[UI测试角色修改后] 到 [By.xpath: //input[@placeholder='角色名称']]
[2018-08-28 11:35:26] [INFO] 正在解析excel:[system/Role.xlsx]中的sheet(用例)：[004_delRoleSuccess]的第6行步骤...
{CASE_NAME=004_delRoleSuccess, LOCATOR_TYPE=xpath, FUNCTION_NAME=system/Role, SELENIUM_UTIL=com.wymall.test.utils.SeleniumUtil@25e2b038, LOCATOR_VALUE=//div[@class='form-group search-group'], TEST_DATA=, LOCATOR_ELE=RolePage.搜索按钮}
[2018-08-28 11:35:26] [INFO] 开始查找元素[By.xpath: //div[@class='form-group search-group']]
[2018-08-28 11:35:26] [INFO] 找到了元素 [By.xpath: //div[@class='form-group search-group']]
[2018-08-28 11:35:26] [INFO] 点击元素 [By.xpath: //div[@class='form-group search-group']]
[2018-08-28 11:35:27] [INFO] 页面加载完成
[2018-08-28 11:35:27] [INFO] 正在解析excel:[system/Role.xlsx]中的sheet(用例)：[004_delRoleSuccess]的第7行步骤...
{CASE_NAME=004_delRoleSuccess, LOCATOR_TYPE=xpath, FUNCTION_NAME=system/Role, SELENIUM_UTIL=com.wymall.test.utils.SeleniumUtil@25e2b038, LOCATOR_VALUE=//div[@class='form-group search-group'], TEST_DATA=2角色搜索界面, LOCATOR_ELE=}
[2018-08-28 11:35:27] [INFO] 正在解析excel:[system/Role.xlsx]中的sheet(用例)：[004_delRoleSuccess]的第8行步骤...
{CASE_NAME=004_delRoleSuccess, LOCATOR_TYPE=xpath, FUNCTION_NAME=system/Role, SELENIUM_UTIL=com.wymall.test.utils.SeleniumUtil@25e2b038, LOCATOR_VALUE=//*[@id="authzRoleTable"]//div[@class='el-table__fixed-right']//i[@class='el-icon-delete'], TEST_DATA=, LOCATOR_ELE=RolePage.删除}
[2018-08-28 11:35:27] [INFO] 开始查找元素[By.xpath: //*[@id="authzRoleTable"]//div[@class='el-table__fixed-right']//i[@class='el-icon-delete']]
[2018-08-28 11:35:27] [INFO] 找到了元素 [By.xpath: //*[@id="authzRoleTable"]//div[@class='el-table__fixed-right']//i[@class='el-icon-delete']]
[2018-08-28 11:35:27] [INFO] 点击元素 [By.xpath: //*[@id="authzRoleTable"]//div[@class='el-table__fixed-right']//i[@class='el-icon-delete']]
[2018-08-28 11:35:28] [INFO] 页面加载完成
[2018-08-28 11:35:28] [INFO] 正在解析excel:[system/Role.xlsx]中的sheet(用例)：[004_delRoleSuccess]的第9行步骤...
{CASE_NAME=004_delRoleSuccess, LOCATOR_TYPE=xpath, FUNCTION_NAME=system/Role, SELENIUM_UTIL=com.wymall.test.utils.SeleniumUtil@25e2b038, LOCATOR_VALUE=//*[@id="authzRoleTable"]//div[@class='el-table__fixed-right']//i[@class='el-icon-delete'], TEST_DATA=3删除截图, LOCATOR_ELE=}
[2018-08-28 11:35:28] [INFO] 正在解析excel:[system/Role.xlsx]中的sheet(用例)：[004_delRoleSuccess]的第10行步骤...
{CASE_NAME=004_delRoleSuccess, LOCATOR_TYPE=xpath, FUNCTION_NAME=system/Role, SELENIUM_UTIL=com.wymall.test.utils.SeleniumUtil@25e2b038, LOCATOR_VALUE=//*[@id="app"]//button[contains(text(),'确认')], TEST_DATA=, LOCATOR_ELE=RolePage.删除-确认}
[2018-08-28 11:35:28] [INFO] 开始查找元素[By.xpath: //*[@id="app"]//button[contains(text(),'确认')]]
[2018-08-28 11:35:28] [INFO] 找到了元素 [By.xpath: //*[@id="app"]//button[contains(text(),'确认')]]
[2018-08-28 11:35:28] [INFO] 点击元素 [By.xpath: //*[@id="app"]//button[contains(text(),'确认')]]
[2018-08-28 11:35:33] [INFO] 页面加载完成
[2018-08-28 11:35:33] [INFO] 正在解析excel:[system/Role.xlsx]中的sheet(用例)：[004_delRoleSuccess]的第11行步骤...
{CASE_NAME=004_delRoleSuccess, LOCATOR_TYPE=xpath, FUNCTION_NAME=system/Role, SELENIUM_UTIL=com.wymall.test.utils.SeleniumUtil@25e2b038, LOCATOR_VALUE=//div[@class='toast-wrapper'], TEST_DATA=操1作成功, LOCATOR_ELE=RolePage.操作成功-提示}
[2018-08-28 11:35:33] [INFO] 页面元素:[By.xpath: //div[@class='toast-wrapper']]已变化
[2018-08-28 11:35:33] [ERROR] 期望的文字是 [操1作成功] 但是找到了 [操作成功]
[2018-08-28 11:35:33] [WARN] delRoleSuccess 测试用例执行失败！
[2018-08-28 11:35:33] [INFO] [运行错误_2018_08_28_11_35_33] 截图成功，保存在：[ result\screenshot\system/Role\004_delRoleSuccess\运行错误_2018_08_28_11_35_33.jpg ]
]]></system-out>
  </testcase>
</testsuite>