<?xml version="1.0" encoding="UTF-8"?>
<!-- Generated by org.testng.reporters.JUnitXMLReporter -->
<testsuite hostname="ake-PC" name="Test" tests="48" failures="0" timestamp="9 Aug 2018 09:15:59 GMT" time="0.112" errors="0">
  <testcase name="@BeforeSuite startTest" time="0.0" classname="com.wymall.test.testcases.preferential.business.BusinessPage_002_setStratup_Test">
    <failure type="java.lang.NumberFormatException" message="null">
      <![CDATA[java.lang.NumberFormatException: null
	at java.lang.Integer.parseInt(Integer.java:542)
	at java.lang.Integer.valueOf(Integer.java:766)
	at com.wymall.test.base.BaseParpare.startTest(BaseParpare.java:44)
... Removed 18 stack frames]]>
    </failure>
  </testcase> <!-- @BeforeSuite startTest -->
  <testcase name="addBussiness" time="0.001" classname="com.wymall.test.testcases.preferential.business.BusinessPage_001_addBussiness_Test">
    <skipped/>
  </testcase> <!-- addBussiness -->
  <testcase name="addChildOperator" time="0.001" classname="com.wymall.test.testcases.system.childOperator.ChildOperatorPage_001_addChildOperator_Test">
    <skipped/>
  </testcase> <!-- addChildOperator -->
  <testcase name="addMinProUser" time="0.001" classname="com.wymall.test.testcases.system.miniprogram_user.Miniprogram_userPage_001_addMinProUser_Test">
    <skipped/>
  </testcase> <!-- addMinProUser -->
  <testcase name="addParkingGroup" time="0.001" classname="com.wymall.test.testcases.system.parking_group.Parking_groupPage_001_addParkingGroup_Test">
    <skipped/>
  </testcase> <!-- addParkingGroup -->
  <testcase name="addPayVoucher" time="0.001" classname="com.wymall.test.testcases.preferential.payVoucher.PayVoucherPage_001_addPayVoucher_Test">
    <skipped/>
  </testcase> <!-- addPayVoucher -->
  <testcase name="addRoleSuccess" time="0.001" classname="com.wymall.test.testcases.system.role.RolePage_001_addRoleSuccess_Test">
    <skipped/>
  </testcase> <!-- addRoleSuccess -->
  <testcase name="addSellTicket" time="0.001" classname="com.wymall.test.testcases.preferential.sell.SellPage_001_addSellTicket_Test">
    <skipped/>
  </testcase> <!-- addSellTicket -->
  <testcase name="addUser" time="0.003" classname="com.wymall.test.testcases.system.user.UserPage_001_addUser_Test">
    <skipped/>
  </testcase> <!-- addUser -->
  <testcase name="addVoucher" time="0.0" classname="com.wymall.test.testcases.preferential.voucher.VoucherPage_001_addVoucher_Test">
    <skipped/>
  </testcase> <!-- addVoucher -->
  <testcase name="setStratup" time="0.001" classname="com.wymall.test.testcases.preferential.business.BusinessPage_002_setStratup_Test">
    <skipped/>
  </testcase> <!-- setStratup -->
  <testcase name="unlockOperator" time="0.001" classname="com.wymall.test.testcases.system.childOperator.ChildOperatorPage_002_unlockOperator_Test">
    <skipped/>
  </testcase> <!-- unlockOperator -->
  <testcase name="setPower" time="0.001" classname="com.wymall.test.testcases.system.miniprogram_user.Miniprogram_userPage_002_setPower_Test">
    <skipped/>
  </testcase> <!-- setPower -->
  <testcase name="f" time="0.0" classname="com.wymall.test.base.NewTest">
    <skipped/>
  </testcase> <!-- f -->
  <testcase name="buidingParking" time="0.0" classname="com.wymall.test.testcases.system.parking_group.Parking_groupPage_002_buidingParking_Test">
    <skipped/>
  </testcase> <!-- buidingParking -->
  <testcase name="editPayVoucher" time="0.001" classname="com.wymall.test.testcases.preferential.payVoucher.PayVoucherPage_002_editPayVoucher_Test">
    <skipped/>
  </testcase> <!-- editPayVoucher -->
  <testcase name="settingRole" time="0.002" classname="com.wymall.test.testcases.system.role.RolePage_002_settingRole_Test">
    <skipped/>
  </testcase> <!-- settingRole -->
  <testcase name="returnVoucher" time="0.0" classname="com.wymall.test.testcases.preferential.sell.SellPage_002_returnVoucher_Test">
    <skipped/>
  </testcase> <!-- returnVoucher -->
  <testcase name="setRole" time="0.001" classname="com.wymall.test.testcases.system.user.UserPage_002_setRole_Test">
    <skipped/>
  </testcase> <!-- setRole -->
  <testcase name="editVoucher" time="0.001" classname="com.wymall.test.testcases.preferential.voucher.VoucherPage_002_editVoucher_Test">
    <skipped/>
  </testcase> <!-- editVoucher -->
  <testcase name="setStop" time="0.0" classname="com.wymall.test.testcases.preferential.business.BusinessPage_003_setStop_Test">
    <skipped/>
  </testcase> <!-- setStop -->
  <testcase name="editOperator" time="0.0" classname="com.wymall.test.testcases.system.childOperator.ChildOperatorPage_003_editOperator_Test">
    <skipped/>
  </testcase> <!-- editOperator -->
  <testcase name="editUser" time="0.0" classname="com.wymall.test.testcases.system.miniprogram_user.Miniprogram_userPage_003_editUser_Test">
    <skipped/>
  </testcase> <!-- editUser -->
  <testcase name="checkUser" time="0.001" classname="com.wymall.test.testcases.system.parking_group.Parking_groupPage_003_checkUser_Test">
    <skipped/>
  </testcase> <!-- checkUser -->
  <testcase name="setStratup" time="0.001" classname="com.wymall.test.testcases.preferential.payVoucher.PayVoucherPage_003_setStratup_Test">
    <skipped/>
  </testcase> <!-- setStratup -->
  <testcase name="editRole" time="0.0" classname="com.wymall.test.testcases.system.role.RolePage_003_editRole_Test">
    <skipped/>
  </testcase> <!-- editRole -->
  <testcase name="setParkingGroup" time="0.0" classname="com.wymall.test.testcases.system.user.UserPage_003_setParkingGroup_Test">
    <skipped/>
  </testcase> <!-- setParkingGroup -->
  <testcase name="setStratup" time="0.001" classname="com.wymall.test.testcases.preferential.voucher.VoucherPage_003_setStratup_Test">
    <skipped/>
  </testcase> <!-- setStratup -->
  <testcase name="editBusiness" time="0.0" classname="com.wymall.test.testcases.preferential.business.BusinessPage_004_editBusiness_Test">
    <skipped/>
  </testcase> <!-- editBusiness -->
  <testcase name="detailOperator" time="0.009" classname="com.wymall.test.testcases.system.childOperator.ChildOperatorPage_004_detailOperator_Test">
    <skipped/>
  </testcase> <!-- detailOperator -->
  <testcase name="setFrozen" time="0.0" classname="com.wymall.test.testcases.system.miniprogram_user.Miniprogram_userPage_004_setFrozen_Test">
    <skipped/>
  </testcase> <!-- setFrozen -->
  <testcase name="editParkingGroup" time="0.001" classname="com.wymall.test.testcases.system.parking_group.Parking_groupPage_004_editParkingGroup_Test">
    <skipped/>
  </testcase> <!-- editParkingGroup -->
  <testcase name="setStop" time="0.001" classname="com.wymall.test.testcases.preferential.payVoucher.PayVoucherPage_004_setStop_Test">
    <skipped/>
  </testcase> <!-- setStop -->
  <testcase name="delRoleSuccess" time="0.0" classname="com.wymall.test.testcases.system.role.RolePage_004_delRoleSuccess_Test">
    <skipped/>
  </testcase> <!-- delRoleSuccess -->
  <testcase name="editPassword" time="0.0" classname="com.wymall.test.testcases.system.user.UserPage_004_editPassword_Test">
    <skipped/>
  </testcase> <!-- editPassword -->
  <testcase name="setStop" time="0.001" classname="com.wymall.test.testcases.preferential.voucher.VoucherPage_004_setStop_Test">
    <skipped/>
  </testcase> <!-- setStop -->
  <testcase name="delBusiness" time="0.005" classname="com.wymall.test.testcases.preferential.business.BusinessPage_005_delBusiness_Test">
    <skipped/>
  </testcase> <!-- delBusiness -->
  <testcase name="bindingParking" time="0.001" classname="com.wymall.test.testcases.system.childOperator.ChildOperatorPage_005_bindingParking_Test">
    <skipped/>
  </testcase> <!-- bindingParking -->
  <testcase name="setStartuse" time="0.0" classname="com.wymall.test.testcases.system.miniprogram_user.Miniprogram_userPage_005_setStartuse_Test">
    <skipped/>
  </testcase> <!-- setStartuse -->
  <testcase name="delParkingGroup" time="0.0" classname="com.wymall.test.testcases.system.parking_group.Parking_groupPage_005_delParkingGroup_Test">
    <skipped/>
  </testcase> <!-- delParkingGroup -->
  <testcase name="filterPayVorcher" time="0.008" classname="com.wymall.test.testcases.preferential.payVoucher.PayVoucherPage_005_filterPayVorcher_Test">
    <skipped/>
  </testcase> <!-- filterPayVorcher -->
  <testcase name="editUser" time="0.0" classname="com.wymall.test.testcases.system.user.UserPage_005_editUser_Test">
    <skipped/>
  </testcase> <!-- editUser -->
  <testcase name="delVoucher" time="0.001" classname="com.wymall.test.testcases.preferential.voucher.VoucherPage_005_delVoucher_Test">
    <skipped/>
  </testcase> <!-- delVoucher -->
  <testcase name="setPassword" time="0.001" classname="com.wymall.test.testcases.system.childOperator.ChildOperatorPage_006_setPassword_Test">
    <skipped/>
  </testcase> <!-- setPassword -->
  <testcase name="delMinProUser" time="0.0" classname="com.wymall.test.testcases.system.miniprogram_user.Miniprogram_userPage_006_delMinProUser_Test">
    <skipped/>
  </testcase> <!-- delMinProUser -->
  <testcase name="delPayVoucher" time="0.001" classname="com.wymall.test.testcases.preferential.payVoucher.PayVoucherPage_006_delPayVoucher_Test">
    <skipped/>
  </testcase> <!-- delPayVoucher -->
  <testcase name="delUser" time="0.0" classname="com.wymall.test.testcases.system.user.UserPage_006_delUser_Test">
    <skipped/>
  </testcase> <!-- delUser -->
  <testcase name="lockOperator" time="0.01" classname="com.wymall.test.testcases.system.childOperator.ChildOperatorPage_007_lockOperator_Test">
    <skipped/>
  </testcase> <!-- lockOperator -->
  <testcase name="delOperator" time="0.0" classname="com.wymall.test.testcases.system.childOperator.ChildOperatorPage_008_delOperator_Test">
    <skipped/>
  </testcase> <!-- delOperator -->
</testsuite> <!-- Test -->
