<?xml version="1.0" encoding="UTF-8"?>
<!-- Generated by org.testng.reporters.JUnitXMLReporter -->
<testsuite hostname="ake-PC" name="A_parking" tests="13" failures="0" timestamp="24 Aug 2018 08:39:22 GMT" time="434.014" errors="0">
  <testcase name="addVisitorCar" time="17.831" classname="com.wymall.test.testcases.parking.carInfoManager.CarInfoManagerPage_001_addVisitorCar_Test"/>
  <testcase name="filterVisitorCar" time="7.467" classname="com.wymall.test.testcases.parking.carInfoManager.CarInfoManagerPage_002_filterVisitorCar_Test"/>
  <testcase name="editVisitorCar" time="12.059" classname="com.wymall.test.testcases.parking.carInfoManager.CarInfoManagerPage_003_editVisitorCar_Test"/>
  <testcase name="delVisitorCar" time="10.159" classname="com.wymall.test.testcases.parking.carInfoManager.CarInfoManagerPage_004_delVisitorCar_Test"/>
  <testcase name="addBlacklistCar" time="17.527" classname="com.wymall.test.testcases.parking.carInfoManager.CarInfoManagerPage_005_addBlacklistCar_Test"/>
  <testcase name="editBlacklistCar" time="12.309" classname="com.wymall.test.testcases.parking.carInfoManager.CarInfoManagerPage_006_editBlacklistCar_Test"/>
  <testcase name="delBlacklistCar" time="10.445" classname="com.wymall.test.testcases.parking.carInfoManager.CarInfoManagerPage_007_delBlacklistCar_Test"/>
  <testcase name="addSpecialTypeCar" time="23.54" classname="com.wymall.test.testcases.parking.carInfoManager.CarInfoManagerPage_008_addSpecialTypeCar_Test"/>
  <testcase name="editSpecialTypeCar" time="16.817" classname="com.wymall.test.testcases.parking.carInfoManager.CarInfoManagerPage_009_editSpecialTypeCar_Test"/>
  <testcase name="delSpecialTypeCar" time="11.227" classname="com.wymall.test.testcases.parking.carInfoManager.CarInfoManagerPage_010_delSpecialTypeCar_Test"/>
  <testcase name="checkInsideCar" time="22.118" classname="com.wymall.test.testcases.parking.passAndOut.PassAndOutPage_001_checkInsideCar_Test"/>
  <testcase name="checkChargeBill" time="37.602" classname="com.wymall.test.testcases.parking.passAndOut.PassAndOutPage_002_checkChargeBill_Test"/>
  <testcase name="checkLeaveCar" time="22.305" classname="com.wymall.test.testcases.parking.passAndOut.PassAndOutPage_003_checkLeaveCar_Test"/>
</testsuite> <!-- A_parking -->
