<?xml version="1.0" encoding="UTF-8"?>
<!-- Generated by org.testng.reporters.JUnitXMLReporter -->
<testsuite hostname="ake-PC" name="D_monthticket" tests="22" failures="0" timestamp="24 Aug 2018 04:05:36 GMT" time="795.944" errors="0">
  <testcase name="addTicketBill" time="19.905" classname="com.wymall.test.testcases.monthticket.monthTicketBill.MonthTicketBillPage_001_addTicketBill_Test"/>
  <testcase name="renewMoney" time="14.275" classname="com.wymall.test.testcases.monthticket.monthTicketBill.MonthTicketBillPage_002_renewMoney_Test"/>
  <testcase name="extendTime" time="17.989" classname="com.wymall.test.testcases.monthticket.monthTicketBill.MonthTicketBillPage_003_extendTime_Test"/>
  <testcase name="refundMoney" time="18.865" classname="com.wymall.test.testcases.monthticket.monthTicketBill.MonthTicketBillPage_004_refundMoney_Test"/>
  <testcase name="addInternalTicket" time="39.485" classname="com.wymall.test.testcases.monthticket.monthTicketManager.MonthTicketManagerPage_001_addInternalTicket_Test"/>
  <testcase name="internalTicketUpLowerline" time="21.303" classname="com.wymall.test.testcases.monthticket.monthTicketManager.MonthTicketManagerPage_002_InternalTicketUpLowerline_Test"/>
  <testcase name="editInternalTicket" time="25.082" classname="com.wymall.test.testcases.monthticket.monthTicketManager.MonthTicketManagerPage_003_editInternalTicket_Test"/>
  <testcase name="delInternalTicket" time="14.432" classname="com.wymall.test.testcases.monthticket.monthTicketManager.MonthTicketManagerPage_004_delInternalTicket_Test"/>
  <testcase name="addExternalTicket" time="41.452" classname="com.wymall.test.testcases.monthticket.monthTicketManager.MonthTicketManagerPage_005_addExternalTicket_Test"/>
  <testcase name="externalTicketUpLowerline" time="21.431" classname="com.wymall.test.testcases.monthticket.monthTicketManager.MonthTicketManagerPage_006_externalTicketUpLowerline_Test"/>
  <testcase name="editExternalTicket" time="22.754" classname="com.wymall.test.testcases.monthticket.monthTicketManager.MonthTicketManagerPage_007_editExternalTicket_Test"/>
  <testcase name="checkSupperParking" time="12.795" classname="com.wymall.test.testcases.monthticket.monthTicketManager.MonthTicketManagerPage_008_checkSupperParking_Test"/>
  <testcase name="filterMonthTicket" time="12.624" classname="com.wymall.test.testcases.monthticket.monthTicketManager.MonthTicketManagerPage_009_filterMonthTicket_Test"/>
  <testcase name="delExternalTicket" time="19.462" classname="com.wymall.test.testcases.monthticket.monthTicketManager.MonthTicketManagerPage_010_delExternalTicket_Test"/>
  <testcase name="addCarUserInfo" time="24.984" classname="com.wymall.test.testcases.monthticket.parkCustomerInfo.ParkCustomerInfoPage_001_addCarUserInfo_Test"/>
  <testcase name="editCarUserInfo" time="36.846" classname="com.wymall.test.testcases.monthticket.parkCustomerInfo.ParkCustomerInfoPage_002_editCarUserInfo_Test"/>
  <testcase name="delCarUserInfo" time="8.649" classname="com.wymall.test.testcases.monthticket.parkCustomerInfo.ParkCustomerInfoPage_003_delCarUserInfo_Test"/>
  <testcase name="addVipType" time="26.364" classname="com.wymall.test.testcases.monthticket.vipType.VipTypePage_001_addVipType_Test"/>
  <testcase name="editVipType" time="12.131" classname="com.wymall.test.testcases.monthticket.vipType.VipTypePage_002_editVipType_Test"/>
  <testcase name="filterVipType" time="6.924" classname="com.wymall.test.testcases.monthticket.vipType.VipTypePage_003_filterVipType_Test"/>
  <testcase name="checkVipType" time="11.243" classname="com.wymall.test.testcases.monthticket.vipType.VipTypePage_004_checkVipType_Test"/>
  <testcase name="delVipType" time="10.172" classname="com.wymall.test.testcases.monthticket.vipType.VipTypePage_005_delVipType_Test"/>
</testsuite> <!-- D_monthticket -->
