<?xml version="1.0" encoding="UTF-8"?>
<!-- Generated by org.testng.reporters.JUnitXMLReporter -->
<testsuite hostname="ake-PC" name="parking" tests="13" failures="0" timestamp="24 Aug 2018 03:12:54 GMT" time="432.34" errors="0">
  <testcase name="addVisitorCar" time="17.448" classname="com.wymall.test.testcases.parking.carInfoManager.CarInfoManagerPage_001_addVisitorCar_Test"/>
  <testcase name="filterVisitorCar" time="7.533" classname="com.wymall.test.testcases.parking.carInfoManager.CarInfoManagerPage_002_filterVisitorCar_Test"/>
  <testcase name="editVisitorCar" time="12.705" classname="com.wymall.test.testcases.parking.carInfoManager.CarInfoManagerPage_003_editVisitorCar_Test"/>
  <testcase name="delVisitorCar" time="10.334" classname="com.wymall.test.testcases.parking.carInfoManager.CarInfoManagerPage_004_delVisitorCar_Test"/>
  <testcase name="addBlacklistCar" time="20.985" classname="com.wymall.test.testcases.parking.carInfoManager.CarInfoManagerPage_005_addBlacklistCar_Test"/>
  <testcase name="editBlacklistCar" time="12.495" classname="com.wymall.test.testcases.parking.carInfoManager.CarInfoManagerPage_006_editBlacklistCar_Test"/>
  <testcase name="delBlacklistCar" time="15.989" classname="com.wymall.test.testcases.parking.carInfoManager.CarInfoManagerPage_007_delBlacklistCar_Test"/>
  <testcase name="addSpecialTypeCar" time="28.989" classname="com.wymall.test.testcases.parking.carInfoManager.CarInfoManagerPage_008_addSpecialTypeCar_Test"/>
  <testcase name="editSpecialTypeCar" time="17.271" classname="com.wymall.test.testcases.parking.carInfoManager.CarInfoManagerPage_009_editSpecialTypeCar_Test"/>
  <testcase name="delSpecialTypeCar" time="11.656" classname="com.wymall.test.testcases.parking.carInfoManager.CarInfoManagerPage_010_delSpecialTypeCar_Test"/>
  <testcase name="checkInsideCar" time="20.868" classname="com.wymall.test.testcases.parking.passAndOut.PassAndOutPage_001_checkInsideCar_Test"/>
  <testcase name="checkChargeBill" time="24.945" classname="com.wymall.test.testcases.parking.passAndOut.PassAndOutPage_002_checkChargeBill_Test"/>
  <testcase name="checkLeaveCar" time="21.531" classname="com.wymall.test.testcases.parking.passAndOut.PassAndOutPage_003_checkLeaveCar_Test"/>
</testsuite> <!-- parking -->
