<?xml version="1.0" encoding="UTF-8"?>
<testng-results skipped="0" failed="0" total="1" passed="1">
  <reporter-output>
  </reporter-output>
  <suite name="autotest_wymall" duration-ms="39940" started-at="2018-08-28T07:12:39Z" finished-at="2018-08-28T07:13:19Z">
    <groups>
    </groups>
    <test name="Role" duration-ms="39940" started-at="2018-08-28T07:12:39Z" finished-at="2018-08-28T07:13:19Z">
      <class name="com.wymall.test.testcases.monthticket.monthTicketManager.MonthTicketManagerPage_001_addInternalTicket_Test">
        <test-method status="PASS" signature="startTest(org.testng.ITestContext)[pri:0, instance:com.wymall.test.testcases.monthticket.monthTicketManager.MonthTicketManagerPage_001_addInternalTicket_Test@5b87ed94]" name="startTest" is-config="true" duration-ms="16055" started-at="2018-08-28T15:12:23Z" finished-at="2018-08-28T15:12:39Z">
          <params>
            <param index="0">
              <value>
                <![CDATA[org.testng.TestRunner@41f69e84]]>
              </value>
            </param>
          </params>
          <reporter-output>
          </reporter-output>
        </test-method> <!-- startTest -->
        <test-method status="PASS" signature="addInternalTicket()[pri:0, instance:com.wymall.test.testcases.monthticket.monthTicketManager.MonthTicketManagerPage_001_addInternalTicket_Test@5b87ed94]" name="addInternalTicket" duration-ms="39932" started-at="2018-08-28T15:12:39Z" finished-at="2018-08-28T15:13:19Z">
          <reporter-output>
          </reporter-output>
        </test-method> <!-- addInternalTicket -->
        <test-method status="PASS" signature="endTest()[pri:0, instance:com.wymall.test.testcases.monthticket.monthTicketManager.MonthTicketManagerPage_001_addInternalTicket_Test@5b87ed94]" name="endTest" is-config="true" duration-ms="1490" started-at="2018-08-28T15:13:19Z" finished-at="2018-08-28T15:13:20Z">
          <reporter-output>
          </reporter-output>
        </test-method> <!-- endTest -->
      </class> <!-- com.wymall.test.testcases.monthticket.monthTicketManager.MonthTicketManagerPage_001_addInternalTicket_Test -->
    </test> <!-- Role -->
  </suite> <!-- autotest_wymall -->
</testng-results>
